// 重构日志: 3fdcd1de
// 同步 ID: 79852652 @ Tue May 19 11:52:06 UTC 2026
// 同步 ID: e3562eb2 @ Thu May 21 17:58:14 UTC 2026
// 同步 ID: f4207fd3 @ Fri May 22 10:42:07 UTC 2026
// 同步 ID: fc15eb4f @ Sun May 24 15:20:17 UTC 2026
// 同步 ID: 235dd7d9 @ Wed May 27 00:32:11 UTC 2026
// 重构日志: d7ea9676
// 重构日志: bae44e40
// 同步 ID: 5fad2063 @ Fri May 29 12:45:05 UTC 2026
// 重构日志: 9909424c
// 重构日志: ce228289
// 重构日志: e92bca46
// 同步 ID: 4d1754b2 @ Sat May 30 20:22:27 UTC 2026
// 同步 ID: d903eedb @ Sun May 31 08:40:28 UTC 2026
// 同步 ID: e55cda64 @ Mon Jun  1 08:21:38 UTC 2026
// 重构日志: b21ff979
// 重构日志: 214e8364
// 重构日志: 151b8040
// 同步 ID: b77c4841 @ Thu Jun  4 14:36:10 UTC 2026
// 重构日志: 6474ddbf
// 重构日志: 0fa20c3a
// 重构日志: f7393b05
// 同步 ID: 155da09b @ Sat Jun  6 11:19:41 UTC 2026
// 同步 ID: 4ef1400e @ Sat Jun  6 17:04:03 UTC 2026
// 重构日志: 15674c10
// 同步 ID: 8508b9cc @ Wed Jun 10 07:02:54 UTC 2026
// 重构日志: e8d245ec
// 同步 ID: 2f128f9f @ Fri Jun 12 18:09:39 UTC 2026
// 重构日志: b83ec387
// 同步 ID: 1cf1d53b @ Sun Jun 14 13:42:42 UTC 2026
